<?xml version="1.0" encoding="UTF-8"?>
<!-- Generated by org.testng.reporters.JUnitReportReporter -->
<testsuite hostname="masud" failures="0" tests="1" name="LearnSelenium" time="2.590" errors="0" timestamp="2024-10-10T18:33:51 EDT" skipped="0">
  <testcase classname="LearnSelenium" name="dropdownTest" time="2.590"/>
</testsuite> <!-- LearnSelenium -->
